<?xml version="1.0" encoding="UTF-8"?>
<testsuite name="org.coteis.controller.category.PreviousetestApiControllerTest" tests="2" skipped="0" failures="0" errors="0" timestamp="2023-12-12T08:44:22" hostname="DESKTOP-OSVRIU0" time="0.078">
  <properties/>
  <testcase name="findPrevioustest() : 카테고리 - 특정 기출 문제 조회" classname="org.coteis.controller.category.PreviousetestApiControllerTest" time="0.037"/>
  <testcase name="findAllPrevious() : 카테고리 - 기출 문제 목록 조회" classname="org.coteis.controller.category.PreviousetestApiControllerTest" time="0.039"/>
  <system-out><![CDATA[2023-12-12T17:44:22.578+09:00  INFO 29620 --- [    Test worker] t.c.s.AnnotationConfigContextLoaderUtils : Could not detect default configuration classes for test class [org.coteis.controller.category.PreviousetestApiControllerTest]: PreviousetestApiControllerTest does not declare any static, non-private, non-final, nested classes annotated with @Configuration.
2023-12-12T17:44:22.581+09:00  INFO 29620 --- [    Test worker] .b.t.c.SpringBootTestContextBootstrapper : Found @SpringBootConfiguration org.coteis.CoteisApplication for test class org.coteis.controller.category.PreviousetestApiControllerTest
Hibernate: 
    select
        p1_0.previoustest_no,
        p1_0.previoustest_name 
    from
        previoustest p1_0 
    where
        p1_0.previoustest_no=?
Hibernate: 
    select
        p1_0.previoustest_no,
        p1_0.previoustest_name 
    from
        previoustest p1_0
]]></system-out>
  <system-err><![CDATA[]]></system-err>
</testsuite>
