<?xml version="1.0" encoding="UTF-8"?>
<testsuite name="org.coteis.controller.category.AlgorithmControllerTest" tests="2" skipped="0" failures="0" errors="0" timestamp="2023-12-12T08:44:22" hostname="DESKTOP-OSVRIU0" time="0.086">
  <properties/>
  <testcase name="findAlgorithm() : 카테고리 - 특정 알고리즘 조회" classname="org.coteis.controller.category.AlgorithmControllerTest" time="0.043"/>
  <testcase name="findALlAlgorithms() : 카테고리 - 알고리즘 목록 조회" classname="org.coteis.controller.category.AlgorithmControllerTest" time="0.042"/>
  <system-out><![CDATA[2023-12-12T17:44:22.268+09:00  INFO 29620 --- [    Test worker] t.c.s.AnnotationConfigContextLoaderUtils : Could not detect default configuration classes for test class [org.coteis.controller.category.AlgorithmControllerTest]: AlgorithmControllerTest does not declare any static, non-private, non-final, nested classes annotated with @Configuration.
2023-12-12T17:44:22.296+09:00  INFO 29620 --- [    Test worker] .b.t.c.SpringBootTestContextBootstrapper : Found @SpringBootConfiguration org.coteis.CoteisApplication for test class org.coteis.controller.category.AlgorithmControllerTest
Hibernate: 
    select
        a1_0.algorithm_no,
        a1_0.algorithm_name 
    from
        algorithm a1_0 
    where
        a1_0.algorithm_no=?
Hibernate: 
    select
        a1_0.algorithm_no,
        a1_0.algorithm_name 
    from
        algorithm a1_0
]]></system-out>
  <system-err><![CDATA[]]></system-err>
</testsuite>
