<?xml version="1.0" encoding="UTF-8"?>
<testsuite name="org.coteis.controller.category.LanguageApiControllerTest" tests="2" skipped="0" failures="0" errors="0" timestamp="2023-12-12T08:44:22" hostname="DESKTOP-OSVRIU0" time="0.083">
  <properties/>
  <testcase name="findAllLanguages() : 카테고리 - 언어 목록 조회" classname="org.coteis.controller.category.LanguageApiControllerTest" time="0.042"/>
  <testcase name="findLanguage() : 카테고리 - 특정 언어 조회" classname="org.coteis.controller.category.LanguageApiControllerTest" time="0.04"/>
  <system-out><![CDATA[2023-12-12T17:44:22.483+09:00  INFO 29620 --- [    Test worker] t.c.s.AnnotationConfigContextLoaderUtils : Could not detect default configuration classes for test class [org.coteis.controller.category.LanguageApiControllerTest]: LanguageApiControllerTest does not declare any static, non-private, non-final, nested classes annotated with @Configuration.
2023-12-12T17:44:22.486+09:00  INFO 29620 --- [    Test worker] .b.t.c.SpringBootTestContextBootstrapper : Found @SpringBootConfiguration org.coteis.CoteisApplication for test class org.coteis.controller.category.LanguageApiControllerTest
Hibernate: 
    select
        l1_0.language_no,
        l1_0.language_name 
    from
        languages l1_0
Hibernate: 
    select
        l1_0.language_no,
        l1_0.language_name 
    from
        languages l1_0 
    where
        l1_0.language_no=?
]]></system-out>
  <system-err><![CDATA[]]></system-err>
</testsuite>
