<?xml version="1.0" encoding="UTF-8"?>
<testsuite name="org.coteis.controller.category.DifficultyControllerTest" tests="2" skipped="0" failures="0" errors="0" timestamp="2023-12-12T08:44:22" hostname="DESKTOP-OSVRIU0" time="0.08">
  <properties/>
  <testcase name="findDifficulty() : 카테고리 - 특정 난이도 조회" classname="org.coteis.controller.category.DifficultyControllerTest" time="0.041"/>
  <testcase name="findAllDifficulties() : 카테고리 - 난이도 목록 조회" classname="org.coteis.controller.category.DifficultyControllerTest" time="0.038"/>
  <system-out><![CDATA[2023-12-12T17:44:22.390+09:00  INFO 29620 --- [    Test worker] t.c.s.AnnotationConfigContextLoaderUtils : Could not detect default configuration classes for test class [org.coteis.controller.category.DifficultyControllerTest]: DifficultyControllerTest does not declare any static, non-private, non-final, nested classes annotated with @Configuration.
2023-12-12T17:44:22.392+09:00  INFO 29620 --- [    Test worker] .b.t.c.SpringBootTestContextBootstrapper : Found @SpringBootConfiguration org.coteis.CoteisApplication for test class org.coteis.controller.category.DifficultyControllerTest
Hibernate: 
    select
        d1_0.difficulty_no,
        d1_0.difficulty_name 
    from
        difficulty d1_0 
    where
        d1_0.difficulty_no=?
Hibernate: 
    select
        d1_0.difficulty_no,
        d1_0.difficulty_name 
    from
        difficulty d1_0
]]></system-out>
  <system-err><![CDATA[]]></system-err>
</testsuite>
