<?xml version="1.0" encoding="UTF-8"?>
<testsuite name="org.coteis.controller.user.UserControllerTest" tests="1" skipped="0" failures="0" errors="0" timestamp="2023-12-07T07:05:54" hostname="DESKTOP-OSVRIU0" time="1.51">
  <properties/>
  <testcase name="findUser()" classname="org.coteis.controller.user.UserControllerTest" time="1.51"/>
  <system-out><![CDATA[16:05:39.121 [Test worker] DEBUG org.springframework.boot.test.context.SpringBootTestContextBootstrapper - Neither @ContextConfiguration nor @ContextHierarchy found for test class [UserControllerTest]: using SpringBootContextLoader
16:05:39.138 [Test worker] DEBUG org.springframework.test.context.support.AbstractContextLoader - Could not detect default resource locations for test class [org.coteis.controller.user.UserControllerTest]: no resource found for suffixes {-context.xml, Context.groovy}.
16:05:39.140 [Test worker] INFO org.springframework.test.context.support.AnnotationConfigContextLoaderUtils - Could not detect default configuration classes for test class [org.coteis.controller.user.UserControllerTest]: UserControllerTest does not declare any static, non-private, non-final, nested classes annotated with @Configuration.
16:05:39.258 [Test worker] DEBUG org.springframework.boot.test.context.SpringBootTestContextBootstrapper - Using ContextCustomizers for test class [UserControllerTest]: [DisableObservabilityContextCustomizer, PropertyMappingContextCustomizer, Customizer, ImportsContextCustomizer, ExcludeFilterContextCustomizer, DuplicateJsonObjectContextCustomizer, MockitoContextCustomizer, TestRestTemplateContextCustomizer]
16:05:39.505 [Test worker] DEBUG org.springframework.context.annotation.ClassPathScanningCandidateComponentProvider - Identified candidate component class: file [C:\private\Cote_Is_Backend\build\classes\java\main\org\coteis\CoteisApplication.class]
16:05:39.508 [Test worker] INFO org.springframework.boot.test.context.SpringBootTestContextBootstrapper - Found @SpringBootConfiguration org.coteis.CoteisApplication for test class org.coteis.controller.user.UserControllerTest
16:05:39.729 [Test worker] DEBUG org.springframework.boot.test.context.SpringBootTestContextBootstrapper - Using TestExecutionListeners for test class [UserControllerTest]: [ServletTestExecutionListener, DirtiesContextBeforeModesTestExecutionListener, ApplicationEventsTestExecutionListener, MockitoTestExecutionListener, DependencyInjectionTestExecutionListener, DirtiesContextTestExecutionListener, TransactionalTestExecutionListener, SqlScriptsTestExecutionListener, EventPublishingTestExecutionListener, RestDocsTestExecutionListener, MockRestServiceServerResetTestExecutionListener, MockMvcPrintOnlyOnFailureTestExecutionListener, WebDriverTestExecutionListener, MockWebServiceServerTestExecutionListener, ResetMocksTestExecutionListener]
16:05:39.732 [Test worker] DEBUG org.springframework.test.context.support.AbstractDirtiesContextTestExecutionListener - Before test class: class [UserControllerTest], class annotated with @DirtiesContext [false] with mode [null]

  .   ____          _            __ _ _
 /\\ / ___'_ __ _ _(_)_ __  __ _ \ \ \ \
( ( )\___ | '_ | '_| | '_ \/ _` | \ \ \ \
 \\/  ___)| |_)| | | | | || (_| |  ) ) ) )
  '  |____| .__|_| |_|_| |_\__, | / / / /
 =========|_|==============|___/=/_/_/_/
 :: Spring Boot ::                (v3.0.2)

2023-12-07T16:05:40.538+09:00  INFO 18300 --- [    Test worker] o.c.controller.user.UserControllerTest   : Starting UserControllerTest using Java 17.0.7 with PID 18300 (started by khs10 in C:\private\Cote_Is_Backend)
2023-12-07T16:05:40.541+09:00  INFO 18300 --- [    Test worker] o.c.controller.user.UserControllerTest   : No active profile set, falling back to 1 default profile: "default"
2023-12-07T16:05:42.140+09:00  INFO 18300 --- [    Test worker] .s.d.r.c.RepositoryConfigurationDelegate : Bootstrapping Spring Data JPA repositories in DEFAULT mode.
2023-12-07T16:05:42.432+09:00  INFO 18300 --- [    Test worker] .s.d.r.c.RepositoryConfigurationDelegate : Finished Spring Data repository scanning in 259 ms. Found 7 JPA repository interfaces.
2023-12-07T16:05:43.670+09:00  INFO 18300 --- [    Test worker] o.hibernate.jpa.internal.util.LogHelper  : HHH000204: Processing PersistenceUnitInfo [name: default]
2023-12-07T16:05:43.862+09:00  INFO 18300 --- [    Test worker] org.hibernate.Version                    : HHH000412: Hibernate ORM core version 6.1.6.Final
2023-12-07T16:05:44.337+09:00  WARN 18300 --- [    Test worker] org.hibernate.orm.deprecation            : HHH90000021: Encountered deprecated setting [javax.persistence.sharedCache.mode], use [jakarta.persistence.sharedCache.mode] instead
2023-12-07T16:05:44.632+09:00  INFO 18300 --- [    Test worker] com.zaxxer.hikari.HikariDataSource       : HikariPool-1 - Starting...
2023-12-07T16:05:45.516+09:00  INFO 18300 --- [    Test worker] com.zaxxer.hikari.pool.HikariPool        : HikariPool-1 - Added connection com.mysql.cj.jdbc.ConnectionImpl@1a5b7394
2023-12-07T16:05:45.522+09:00  INFO 18300 --- [    Test worker] com.zaxxer.hikari.HikariDataSource       : HikariPool-1 - Start completed.
2023-12-07T16:05:45.777+09:00  INFO 18300 --- [    Test worker] SQL dialect                              : HHH000400: Using dialect: org.hibernate.dialect.MySQLDialect
Hibernate: 
    
    alter table article 
       drop 
       foreign key FK3nyngp2y8mehcmqqipxt3fokc
Hibernate: 
    
    alter table article 
       drop 
       foreign key FK28cpkyl3qpkvnlquu11g7xo9w
Hibernate: 
    
    alter table article 
       drop 
       foreign key FKso1hghb9dkfj29gbsj662pms5
Hibernate: 
    
    alter table article 
       drop 
       foreign key FK9gevyajcxym1e60fltc0ik16l
Hibernate: 
    
    alter table article 
       drop 
       foreign key FK3ue2guwr48ugl87q469jlfso9
Hibernate: 
    
    alter table comment 
       drop 
       foreign key FKncm2hv7dwbg4h8u28km0m06q2
Hibernate: 
    
    alter table comment 
       drop 
       foreign key FKgr1babb5v1qsl3opwv4t5935p
Hibernate: 
    
    drop table if exists algorithm
Hibernate: 
    
    drop table if exists article
Hibernate: 
    
    drop table if exists comment
Hibernate: 
    
    drop table if exists difficulty
Hibernate: 
    
    drop table if exists languages
Hibernate: 
    
    drop table if exists previoustest
Hibernate: 
    
    drop table if exists users
Hibernate: 
    
    create table algorithm (
       algorithm_no integer not null auto_increment,
        algorithm_name varchar(255) not null,
        primary key (algorithm_no)
    ) engine=InnoDB
Hibernate: 
    
    create table article (
       article_no bigint not null auto_increment,
        created_date datetime(6),
        modified_date datetime(6),
        answer LONGTEXT not null,
        code_explain LONGTEXT,
        concept LONGTEXT,
        input_example LONGTEXT,
        output_example LONGTEXT,
        speed varchar(255),
        test_explain LONGTEXT not null,
        title varchar(255) not null,
        algorithm_no integer,
        difficulty_no integer,
        language_no integer,
        previoustest_no integer,
        user_no bigint,
        primary key (article_no)
    ) engine=InnoDB
Hibernate: 
    
    create table comment (
       comment_id bigint not null auto_increment,
        created_date datetime(6),
        modified_date datetime(6),
        content varchar(255) not null,
        article_no bigint,
        user_no bigint,
        primary key (comment_id)
    ) engine=InnoDB
Hibernate: 
    
    create table difficulty (
       difficulty_no integer not null auto_increment,
        difficulty_name varchar(255) not null,
        primary key (difficulty_no)
    ) engine=InnoDB
Hibernate: 
    
    create table languages (
       language_no integer not null auto_increment,
        language_name varchar(255) not null,
        primary key (language_no)
    ) engine=InnoDB
Hibernate: 
    
    create table previoustest (
       previoustest_no integer not null auto_increment,
        previoustest_name varchar(255) not null,
        primary key (previoustest_no)
    ) engine=InnoDB
Hibernate: 
    
    create table users (
       user_no bigint not null auto_increment,
        user_email varchar(255) not null,
        user_id varchar(255) not null,
        user_name varchar(255) not null,
        user_pw varchar(255) not null,
        primary key (user_no)
    ) engine=InnoDB
Hibernate: 
    
    alter table users 
       add constraint UK_33uo7vet9c79ydfuwg1w848f unique (user_email)
Hibernate: 
    
    alter table users 
       add constraint UK_6efs5vmce86ymf5q7lmvn2uuf unique (user_id)
Hibernate: 
    
    alter table article 
       add constraint FK3nyngp2y8mehcmqqipxt3fokc 
       foreign key (algorithm_no) 
       references algorithm (algorithm_no)
Hibernate: 
    
    alter table article 
       add constraint FK28cpkyl3qpkvnlquu11g7xo9w 
       foreign key (difficulty_no) 
       references difficulty (difficulty_no)
Hibernate: 
    
    alter table article 
       add constraint FKso1hghb9dkfj29gbsj662pms5 
       foreign key (language_no) 
       references languages (language_no)
Hibernate: 
    
    alter table article 
       add constraint FK9gevyajcxym1e60fltc0ik16l 
       foreign key (previoustest_no) 
       references previoustest (previoustest_no)
Hibernate: 
    
    alter table article 
       add constraint FK3ue2guwr48ugl87q469jlfso9 
       foreign key (user_no) 
       references users (user_no)
Hibernate: 
    
    alter table comment 
       add constraint FKncm2hv7dwbg4h8u28km0m06q2 
       foreign key (article_no) 
       references article (article_no)
Hibernate: 
    
    alter table comment 
       add constraint FKgr1babb5v1qsl3opwv4t5935p 
       foreign key (user_no) 
       references users (user_no)
2023-12-07T16:05:50.188+09:00  INFO 18300 --- [    Test worker] o.h.e.t.j.p.i.JtaPlatformInitiator       : HHH000490: Using JtaPlatform implementation: [org.hibernate.engine.transaction.jta.platform.internal.NoJtaPlatform]
2023-12-07T16:05:50.231+09:00  INFO 18300 --- [    Test worker] j.LocalContainerEntityManagerFactoryBean : Initialized JPA EntityManagerFactory for persistence unit 'default'
2023-12-07T16:05:52.625+09:00  WARN 18300 --- [    Test worker] JpaBaseConfiguration$JpaWebConfiguration : spring.jpa.open-in-view is enabled by default. Therefore, database queries may be performed during view rendering. Explicitly configure spring.jpa.open-in-view to disable this warning
2023-12-07T16:05:53.739+09:00  WARN 18300 --- [    Test worker] ion$DefaultTemplateResolverConfiguration : Cannot find template location: classpath:/templates/ (please add some templates, check your Thymeleaf configuration, or set spring.thymeleaf.check-template-location=false)
2023-12-07T16:05:53.865+09:00  INFO 18300 --- [    Test worker] o.s.b.a.h2.H2ConsoleAutoConfiguration    : H2 console available at '/h2-console'. Database available at 'jdbc:mysql://localhost:3306/coteis?serverTimezone=UTC'
2023-12-07T16:05:54.448+09:00  INFO 18300 --- [    Test worker] o.s.b.t.m.w.SpringBootMockServletContext : Initializing Spring TestDispatcherServlet ''
2023-12-07T16:05:54.449+09:00  INFO 18300 --- [    Test worker] o.s.t.web.servlet.TestDispatcherServlet  : Initializing Servlet ''
2023-12-07T16:05:54.456+09:00  INFO 18300 --- [    Test worker] o.s.t.web.servlet.TestDispatcherServlet  : Completed initialization in 2 ms
2023-12-07T16:05:54.539+09:00  INFO 18300 --- [    Test worker] o.c.controller.user.UserControllerTest   : Started UserControllerTest in 14.666 seconds (process running for 17.572)
Hibernate: 
    select
        u1_0.user_no,
        u1_0.user_email,
        u1_0.user_id,
        u1_0.user_name,
        u1_0.user_pw 
    from
        users u1_0 
    where
        u1_0.user_no=?
]]></system-out>
  <system-err><![CDATA[]]></system-err>
</testsuite>
